Build started 14.08.2018 0:47:12.
     1>Project "D:\WinAPI\rulez\rulez.vcxproj" on node 2 (build target(s)).
     1>InitializeBuildStatus:
         Creating "Release\rulez.unsuccessfulbuild" because "AlwaysCreate" was specified.
       ClCompile:
         C:\Program Files (x86)\Microsoft Visual Studio 10.0\VC\bin\CL.exe /c /Zi /nologo /W3 /WX- /O2 /Oi /Oy- /GL /D _MBCS /Gm- /EHsc /MD /GS /Gy /fp:precise /Zc:wchar_t /Zc:forScope /Fo"Release\\" /Fd"Release\vc100.pdb" /Gd /TP /analyze- /errorReport:prompt buf.cpp main.cpp
         buf.cpp
     1>d:\winapi\rulez\buf.h(37): warning C4996: 'strncpy': This function or variable may be unsafe. Consider using strncpy_s instead. To disable deprecation, use _CRT_SECURE_NO_WARNINGS. See online help for details.
                 C:\Program Files (x86)\Microsoft Visual Studio 10.0\VC\include\string.h(188): см. объявление "strncpy"
         main.cpp
     1>d:\winapi\rulez\buf.h(37): warning C4996: 'strncpy': This function or variable may be unsafe. Consider using strncpy_s instead. To disable deprecation, use _CRT_SECURE_NO_WARNINGS. See online help for details.
                 C:\Program Files (x86)\Microsoft Visual Studio 10.0\VC\include\string.h(188): см. объявление "strncpy"
     1>main.cpp(15): warning C4996: 'fopen': This function or variable may be unsafe. Consider using fopen_s instead. To disable deprecation, use _CRT_SECURE_NO_WARNINGS. See online help for details.
                 C:\Program Files (x86)\Microsoft Visual Studio 10.0\VC\include\stdio.h(234): см. объявление "fopen"
     1>main.cpp(93): warning C4996: '_snprintf': This function or variable may be unsafe. Consider using _snprintf_s instead. To disable deprecation, use _CRT_SECURE_NO_WARNINGS. See online help for details.
                 C:\Program Files (x86)\Microsoft Visual Studio 10.0\VC\include\stdio.h(363): см. объявление "_snprintf"
     1>main.cpp(94): warning C4996: 'fopen': This function or variable may be unsafe. Consider using fopen_s instead. To disable deprecation, use _CRT_SECURE_NO_WARNINGS. See online help for details.
                 C:\Program Files (x86)\Microsoft Visual Studio 10.0\VC\include\stdio.h(234): см. объявление "fopen"
       Link:
         C:\Program Files (x86)\Microsoft Visual Studio 10.0\VC\bin\link.exe /ERRORREPORT:PROMPT /OUT:"D:\WinAPI\Release\rulez.exe" /NOLOGO WS2_32.lib kernel32.lib user32.lib gdi32.lib winspool.lib comdlg32.lib advapi32.lib shell32.lib ole32.lib oleaut32.lib uuid.lib odbc32.lib odbccp32.lib /MANIFEST /ManifestFile:"Release\rulez.exe.intermediate.manifest" /MANIFESTUAC:"level='asInvoker' uiAccess='false'" /DEBUG /PDB:"D:\WinAPI\Release\rulez.pdb" /OPT:REF /OPT:ICF /LTCG /TLBID:1 /DYNAMICBASE /NXCOMPAT /IMPLIB:"D:\WinAPI\Release\rulez.lib" /MACHINE:X86 Release\buf.obj
         Release\main.obj
         Release\net.obj
         Создание кода
     1>d:\winapi\rulez\main.cpp(68): warning C4700: использована неинициализированная локальная переменная "sp"
         Создание кода завершено
         rulez.vcxproj -> D:\WinAPI\Release\rulez.exe
       Manifest:
         C:\Program Files (x86)\Microsoft SDKs\Windows\v7.0A\bin\mt.exe /nologo /verbose /outputresource:"D:\WinAPI\Release\rulez.exe;#1" /manifest Release\rulez.exe.intermediate.manifest
       FinalizeBuildStatus:
         Deleting file "Release\rulez.unsuccessfulbuild".
         Touching "Release\rulez.lastbuildstate".
     1>Done Building Project "D:\WinAPI\rulez\rulez.vcxproj" (build target(s)).

Построение успешно завершено.

Time Elapsed 00:00:00.80
